[2025-09-14 11:16:00] INFO: ======================================================================
[2025-09-14 11:16:00] INFO: [INIT] EDITH starting as persistent background process
[2025-09-14 11:16:00] INFO: [INIT] Database connection established
[2025-09-14 11:16:00] INFO: [PARTITION] Running partition management (cycle 1)
[2025-09-14 11:16:00] INFO: [CREATE] Created partition tickstick_2025_09_14_12
[2025-09-14 11:16:00] INFO: [CREATE] Created partition tickstick_2025_09_14_13
[2025-09-14 11:16:00] INFO: [CREATE] Created partition tickstick_2025_09_14_14
[2025-09-14 11:16:00] INFO: [PARTITION] Created 3 new partitions
[2025-09-14 11:16:00] INFO: [DROP] Dropped old partition tickstick_2025_09_08_20
[2025-09-14 11:16:00] INFO: [PARTITION] Dropped 1 old partitions
[2025-09-14 12:16:01] INFO: [PARTITION] Running partition management (cycle 7)
[2025-09-14 12:16:01] INFO: [CREATE] Created partition tickstick_2025_09_14_13
[2025-09-14 12:16:01] INFO: [CREATE] Created partition tickstick_2025_09_14_14
[2025-09-14 12:16:01] INFO: [CREATE] Created partition tickstick_2025_09_14_15
[2025-09-14 12:16:01] INFO: [PARTITION] Created 3 new partitions
[2025-09-14 13:16:01] INFO: [PARTITION] Running partition management (cycle 13)
[2025-09-14 13:16:01] INFO: [CREATE] Created partition tickstick_2025_09_14_14
[2025-09-14 13:16:01] INFO: [CREATE] Created partition tickstick_2025_09_14_15
[2025-09-14 13:16:01] INFO: [CREATE] Created partition tickstick_2025_09_14_16
[2025-09-14 13:16:01] INFO: [PARTITION] Created 3 new partitions
[2025-09-14 14:16:02] INFO: [PARTITION] Running partition management (cycle 19)
[2025-09-14 14:16:02] INFO: [CREATE] Created partition tickstick_2025_09_14_15
[2025-09-14 14:16:02] INFO: [CREATE] Created partition tickstick_2025_09_14_16
[2025-09-14 14:16:02] INFO: [CREATE] Created partition tickstick_2025_09_14_17
[2025-09-14 14:16:02] INFO: [PARTITION] Created 3 new partitions
[2025-09-14 14:16:02] INFO: [DROP] Dropped old partition tickstick_2025_09_14_12
[2025-09-14 14:16:02] INFO: [PARTITION] Dropped 1 old partitions
[2025-09-14 15:16:02] INFO: [PARTITION] Running partition management (cycle 25)
[2025-09-14 15:16:02] INFO: [CREATE] Created partition tickstick_2025_09_14_16
[2025-09-14 15:16:02] INFO: [CREATE] Created partition tickstick_2025_09_14_17
[2025-09-14 15:16:02] INFO: [CREATE] Created partition tickstick_2025_09_14_18
[2025-09-14 15:16:02] INFO: [PARTITION] Created 3 new partitions
[2025-09-14 15:16:02] INFO: [DROP] Dropped old partition tickstick_2025_09_14_13
[2025-09-14 15:16:02] INFO: [PARTITION] Dropped 1 old partitions
[2025-09-14 16:16:03] INFO: [PARTITION] Running partition management (cycle 31)
[2025-09-14 16:16:03] INFO: [CREATE] Created partition tickstick_2025_09_14_17
[2025-09-14 16:16:03] INFO: [CREATE] Created partition tickstick_2025_09_14_18
[2025-09-14 16:16:03] INFO: [CREATE] Created partition tickstick_2025_09_14_19
[2025-09-14 16:16:03] INFO: [PARTITION] Created 3 new partitions
[2025-09-14 16:16:03] INFO: [DROP] Dropped old partition tickstick_2025_09_14_14
[2025-09-14 16:16:03] INFO: [PARTITION] Dropped 1 old partitions
[2025-09-14 17:16:03] INFO: [PARTITION] Running partition management (cycle 37)
[2025-09-14 17:16:03] INFO: [CREATE] Created partition tickstick_2025_09_14_18
[2025-09-14 17:16:03] INFO: [CREATE] Created partition tickstick_2025_09_14_19
[2025-09-14 17:16:03] INFO: [CREATE] Created partition tickstick_2025_09_14_20
[2025-09-14 17:16:03] INFO: [PARTITION] Created 3 new partitions
[2025-09-14 17:16:03] INFO: [DROP] Dropped old partition tickstick_2025_09_14_15
[2025-09-14 17:16:03] INFO: [PARTITION] Dropped 1 old partitions
[2025-09-14 18:16:03] INFO: [PARTITION] Running partition management (cycle 43)
[2025-09-14 18:16:03] INFO: [CREATE] Created partition tickstick_2025_09_14_19
[2025-09-14 18:16:03] INFO: [CREATE] Created partition tickstick_2025_09_14_20
[2025-09-14 18:16:03] INFO: [CREATE] Created partition tickstick_2025_09_14_21
[2025-09-14 18:16:03] INFO: [PARTITION] Created 3 new partitions
[2025-09-14 18:16:03] INFO: [DROP] Dropped old partition tickstick_2025_09_14_16
[2025-09-14 18:16:03] INFO: [PARTITION] Dropped 1 old partitions
[2025-09-14 19:16:04] INFO: [PARTITION] Running partition management (cycle 49)
[2025-09-14 19:16:04] INFO: [CREATE] Created partition tickstick_2025_09_14_20
[2025-09-14 19:16:04] INFO: [CREATE] Created partition tickstick_2025_09_14_21
[2025-09-14 19:16:04] INFO: [CREATE] Created partition tickstick_2025_09_14_22
[2025-09-14 19:16:04] INFO: [PARTITION] Created 3 new partitions
[2025-09-14 19:16:04] INFO: [DROP] Dropped old partition tickstick_2025_09_14_17
[2025-09-14 19:16:04] INFO: [PARTITION] Dropped 1 old partitions
[2025-09-14 20:16:04] INFO: [PARTITION] Running partition management (cycle 55)
[2025-09-14 20:16:04] INFO: [CREATE] Created partition tickstick_2025_09_14_21
[2025-09-14 20:16:04] INFO: [CREATE] Created partition tickstick_2025_09_14_22
[2025-09-14 20:16:04] INFO: [CREATE] Created partition tickstick_2025_09_14_23
[2025-09-14 20:16:04] INFO: [PARTITION] Created 3 new partitions
[2025-09-14 20:16:04] INFO: [DROP] Dropped old partition tickstick_2025_09_14_18
[2025-09-14 20:16:04] INFO: [PARTITION] Dropped 1 old partitions
[2025-09-14 21:16:05] INFO: [PARTITION] Running partition management (cycle 61)
[2025-09-14 21:16:05] INFO: [CREATE] Created partition tickstick_2025_09_14_22
[2025-09-14 21:16:05] INFO: [CREATE] Created partition tickstick_2025_09_14_23
[2025-09-14 21:16:05] INFO: [CREATE] Created partition tickstick_2025_09_15_00
[2025-09-14 21:16:05] INFO: [PARTITION] Created 3 new partitions
[2025-09-14 21:16:05] INFO: [DROP] Dropped old partition tickstick_2025_09_14_19
[2025-09-14 21:16:05] INFO: [PARTITION] Dropped 1 old partitions
[2025-09-14 22:16:05] INFO: [PARTITION] Running partition management (cycle 67)
[2025-09-14 22:16:05] INFO: [CREATE] Created partition tickstick_2025_09_14_23
[2025-09-14 22:16:05] INFO: [CREATE] Created partition tickstick_2025_09_15_00
[2025-09-14 22:16:05] INFO: [CREATE] Created partition tickstick_2025_09_15_01
[2025-09-14 22:16:05] INFO: [PARTITION] Created 3 new partitions
[2025-09-14 22:16:05] INFO: [DROP] Dropped old partition tickstick_2025_09_14_20
[2025-09-14 22:16:05] INFO: [PARTITION] Dropped 1 old partitions
[2025-09-14 23:16:06] INFO: [PARTITION] Running partition management (cycle 73)
[2025-09-14 23:16:06] INFO: [CREATE] Created partition tickstick_2025_09_15_00
[2025-09-14 23:16:06] INFO: [CREATE] Created partition tickstick_2025_09_15_01
[2025-09-14 23:16:06] INFO: [CREATE] Created partition tickstick_2025_09_15_02
[2025-09-14 23:16:06] INFO: [PARTITION] Created 3 new partitions
[2025-09-14 23:16:06] INFO: [DROP] Dropped old partition tickstick_2025_09_14_21
[2025-09-14 23:16:06] INFO: [PARTITION] Dropped 1 old partitions
[2025-09-15 00:16:06] INFO: [PARTITION] Running partition management (cycle 79)
[2025-09-15 00:16:06] INFO: [CREATE] Created partition tickstick_2025_09_15_01
[2025-09-15 00:16:06] INFO: [CREATE] Created partition tickstick_2025_09_15_02
[2025-09-15 00:16:06] INFO: [CREATE] Created partition tickstick_2025_09_15_03
[2025-09-15 00:16:06] INFO: [PARTITION] Created 3 new partitions
[2025-09-15 00:16:06] INFO: [DROP] Dropped old partition tickstick_2025_09_14_22
[2025-09-15 00:16:06] INFO: [PARTITION] Dropped 1 old partitions
[2025-09-15 01:16:07] INFO: [PARTITION] Running partition management (cycle 85)
[2025-09-15 01:16:07] INFO: [CREATE] Created partition tickstick_2025_09_15_02
[2025-09-15 01:16:07] INFO: [CREATE] Created partition tickstick_2025_09_15_03
[2025-09-15 01:16:07] INFO: [CREATE] Created partition tickstick_2025_09_15_04
[2025-09-15 01:16:07] INFO: [PARTITION] Created 3 new partitions
[2025-09-15 01:16:07] INFO: [DROP] Dropped old partition tickstick_2025_09_14_23
[2025-09-15 01:16:07] INFO: [PARTITION] Dropped 1 old partitions
[2025-09-15 02:16:07] INFO: [PARTITION] Running partition management (cycle 91)
[2025-09-15 02:16:07] INFO: [CREATE] Created partition tickstick_2025_09_15_03
[2025-09-15 02:16:07] INFO: [CREATE] Created partition tickstick_2025_09_15_04
